<?xml version="1.0" encoding="UTF-8"?>
<coverage generated="1709638639491" clover="3.2.0">
  <project timestamp="1709638639491" name="All files">
    <metrics statements="4" coveredstatements="4" conditionals="1" coveredconditionals="1" methods="2" coveredmethods="2" elements="7" coveredelements="7" complexity="0" loc="4" ncloc="4" packages="1" files="1" classes="1"/>
    <file name="arrayShuffle.ts" path="C:\Users\Slimmzz\Documents\GitHub\React_01.24\src\components\Utilities\arrayShuffle.ts">
      <metrics statements="4" coveredstatements="4" conditionals="1" coveredconditionals="1" methods="2" coveredmethods="2"/>
      <line num="1" count="1" type="stmt"/>
      <line num="2" count="2" type="cond" truecount="1" falsecount="0"/>
      <line num="3" count="1" type="stmt"/>
      <line num="6" count="1" type="stmt"/>
    </file>
  </project>
</coverage>
